Info: Starting: Create HDL design files for synthesis
Info: qsys-generate /home/alex/workspace/projects/r13/bel_projects/modules/pll/arria10_e3p1/sys_pll10/sys_pll10.qsys --synthesis=VERILOG --output-directory=/home/alex/workspace/projects/r13/bel_projects/modules/pll/arria10_e3p1/sys_pll10/sys_pll10 --family="Arria 10" --part=10AX115S2F45I2SG
Progress: Loading sys_pll10/sys_pll10.qsys
Progress: Reading input file
Progress: Adding iopll_0 [altera_iopll 18.1]
Progress: Parameterizing module iopll_0
Progress: Building connections
Progress: Parameterizing connections
Progress: Validating
Progress: Done reading input file
Info: sys_pll10.iopll_0: Able to implement PLL with user settings
Info: sys_pll10: "Transforming system: sys_pll10"
Info: sys_pll10: Running transform generation_view_transform
Info: sys_pll10: Running transform generation_view_transform took 0.000s
Info: iopll_0: Running transform generation_view_transform
Info: iopll_0: Running transform generation_view_transform took 0.000s
Info: sys_pll10: Running transform merlin_avalon_transform
Info: sys_pll10: Running transform merlin_avalon_transform took 0.073s
Info: sys_pll10: "Naming system components in system: sys_pll10"
Info: sys_pll10: "Processing generation queue"
Info: sys_pll10: "Generating: sys_pll10"
Info: sys_pll10: "Generating: sys_pll10_altera_iopll_181_wfdplty"
Info: sys_pll10: Done "sys_pll10" with 2 modules, 3 files
Info: qsys-generate succeeded.
Info: Finished: Create HDL design files for synthesis
