0 , 0x16641800
1 , 0x94dde900
2 , 0x7f8aa800
3 , 0xb8761d00
4 , 0x94c01300
5 , 0x7f8d1a00
6 , 0xb871f800
7 , 0x802c6900
8 , 0x80556f00
9 , 0x8031ba00
10 , 0x8055b700
11 , 0xb8883200
12 , 0x802d4700
13 , 0xb87e1600
14 , 0xb880d400
15 , 0xb86b2c00
16 , 0x802f0c00
17 , 0x802e8100
18 , 0x802ce200
19 , 0x94ee3a00
20 , 0x3a4d0a00
21 , 0x7f8cd000
22 , 0x7fd57f00
23 , 0x7f8a7400
24 , 0xb88f7c00
25 , 0x94b74c00
26 , 0x7f8a6c00
27 , 0xb8717600
28 , 0xb8733400
29 , 0xb86b4800
30 , 0x94c9d100
31 , 0x7f8a9c00
32 , 0xa2b8fe00
33 , 0x94cf7900
34 , 0x7f89bf00
35 , 0xb87e2000
36 , 0x94e25200
37 , 0x7f8daa00
38 , 0xb86cd100
39 , 0x94e78d00
40 , 0x7f8c6d00
41 , 0xb8787700
42 , 0x94d57500
43 , 0x7f8de000
44 , 0x94e7db00
45 , 0xb874c100
46 , 0xf0954300
47 , 0x7f89bf00
48 , 0x80607400
49 , 0x94cbdb00
50 , 0x7f8cd500
51 , 0xb8528000
52 , 0x94f53800
53 , 0xb8581100
54 , 0x94bdf100
55 , 0x7f8c2900
56 , 0xb86fe600
57 , 0x94d3b900
58 , 0x94cb1a00
59 , 0xa9df0f00
60 , 0x94c6fd00
61 , 0xa9eeb300
62 , 0x94b14600
63 , 0xa9ee4400
64 , 0x94ca1100
65 , 0xc0624900
66 , 0x3a475900
67 , 0x7f89f400
68 , 0xb8626100
69 , 0x94d67700
70 , 0x7f8c1100
71 , 0x7fd2ce00
72 , 0x7f8da200
73 , 0xb859c400
74 , 0x94e98000
75 , 0x7f8f2300
76 , 0x94c56600
77 , 0x7f8ce200
78 , 0x94d36400
79 , 0x7fdbd600
80 , 0x7fd99c00
81 , 0x7f8ac500
82 , 0x7fd33400
83 , 0x7f8e4e00
84 , 0x7fd83700
85 , 0xb8745e00
86 , 0x94d35200
87 , 0x7f8ef900
88 , 0x7f8dae00
89 , 0x7f8cf400
90 , 0x7f8a7e00
91 , 0x7f7f1b00
92 , 0xb867bc00
93 , 0x94d9de00
94 , 0x7f89d900
95 , 0xb8646100
96 , 0x94da0100
97 , 0x7f8b1b00
98 , 0xa2c5eb00
99 , 0x94e3d300
100 , 0x7f8c1a00
101 , 0xb8568600
102 , 0x94f6b700
103 , 0x7f8b5d00
104 , 0x8dbf8f00
105 , 0xd82d1200
106 , 0x7f8a2c00
107 , 0xb8637700
108 , 0x94c14900
109 , 0xb8700700
110 , 0x94c38600
111 , 0x7f8bfc00
112 , 0xb8733900
113 , 0x94caa100
114 , 0x7f8b7200
115 , 0xb8692500
116 , 0x94f0e700
117 , 0x7f8bbb00
118 , 0x60320c00
119 , 0x6031dd00
120 , 0x604cee00
121 , 0x60366600
122 , 0x7fd73500
123 , 0x7f8e3700
124 , 0x7fdb3600
125 , 0x7f8d3f00
126 , 0x4a2a2600
127 , 0x7f8a6000
128 , 0x7f8abd00
129 , 0x602e0700
130 , 0x60207600
131 , 0xb88b9500
132 , 0x94d75e00
133 , 0x7f8c1500
134 , 0xb8551100
135 , 0x94d69400
136 , 0x7fda9f00
137 , 0x7fdac600
138 , 0x7f879b00
139 , 0x7fd84a00
140 , 0x3a2aac00
141 , 0x7f8d3f00
142 , 0xb8779e00
143 , 0x80559b00
144 , 0x94cd6c00
145 , 0xc06dde00
146 , 0x7fd8dc00
147 , 0xb8614500
148 , 0x94d12000
149 , 0x7f8adb00
150 , 0xb87b9e00
151 , 0x94c13200
152 , 0x7f8ebb00
153 , 0xb8435000
154 , 0x94e51100
155 , 0x7f8e3400
156 , 0xb8621b00
157 , 0x94f22a00
158 , 0x7f8cb000
159 , 0xb876df00
160 , 0x94e0f900
161 , 0x7f8e1a00
162 , 0x94dc1b00
163 , 0x7f4e3a00
164 , 0xb8783a00
165 , 0x94e18400
166 , 0xb88a3f00
167 , 0x7f899b00
168 , 0x6044be00
169 , 0xb85d3800
170 , 0x94f18000
171 , 0x7f8abf00
172 , 0xb87d3900
173 , 0xb84b7400
174 , 0xb8824c00
175 , 0xb882d000
176 , 0x802e3200
177 , 0x80324b00
178 , 0xb872a500
179 , 0xb85fb200
180 , 0xb87ec100
181 , 0x8054c300
182 , 0x94cf6400
183 , 0x7f894a00
184 , 0xb863e900
185 , 0x94e03200
186 , 0x7f8ddf00
187 , 0xb85e6700
188 , 0x94f55900
189 , 0x7f8b8500
190 , 0xa2d25900
191 , 0x94e26a00
192 , 0x7f8a3d00
193 , 0x94f48b00
194 , 0x7f8c9700
195 , 0x6027eb00
196 , 0x7f773500
197 , 0x7fd3e400
198 , 0x7f8a6100
199 , 0x7f8b0000
200 , 0x7fd77e00
201 , 0x4a170f00
202 , 0x7f72d900
203 , 0x7fd74000
204 , 0x7f8f2700
205 , 0x7fd91300
206 , 0x7f8ca200
207 , 0x7f8d6400
208 , 0xb87f6a00
209 , 0x94dc9400
210 , 0x7f8c8500
211 , 0xb86fd500
212 , 0x94f0a900
213 , 0x7f8c9f00
214 , 0xf0ba2300
215 , 0x7f8ded00
216 , 0xb886b800
217 , 0x94ca1100
218 , 0x7f8bf600
219 , 0xa2e0aa00
220 , 0x94c92700
221 , 0x7f8d3900
222 , 0x94d96f00
223 , 0x7f8b0000
224 , 0x94e7cf00
225 , 0x19dbbf00
226 , 0x7f8d5100
227 , 0xb885c100
228 , 0x94b43800
229 , 0x7f4d2e00
230 , 0xb8778e00
231 , 0xb8749900
232 , 0xb86d2900
233 , 0xb88d4900
234 , 0xb8738300
235 , 0xb877c700
236 , 0xb85b3e00
237 , 0x80538a00
238 , 0x80548d00
239 , 0x8053fa00
240 , 0x80544400
241 , 0x802db200
242 , 0x800a3a00
243 , 0x94da0900
244 , 0xb8709100
245 , 0x67a78e00
246 , 0x7f8b7100
247 , 0x7f8e1900
248 , 0x7f8b7100
249 , 0x7f8d0e00
250 , 0x60409700
251 , 0x7fe5fd00
252 , 0x7fd65200
253 , 0x7f8d7100
254 , 0x7f8e4e00
255 , 0x7f8b6400
256 , 0x7fdacd00
257 , 0x7f8a7400
258 , 0x7f8d1300
259 , 0xb865f300
260 , 0x94dfc300
261 , 0x7f8bac00
262 , 0xb879f100
263 , 0x94d06a00
264 , 0x7f8e4d00
265 , 0x8d95b200
266 , 0x94d66200
267 , 0x7f8d8c00
268 , 0xb87f1000
269 , 0x94ea5c00
270 , 0x7f8ab100
271 , 0xb86e6800
272 , 0x94e67600
273 , 0x7f88ac00
274 , 0xa2ef2600
275 , 0x94ea6e00
276 , 0x7fee4300
277 , 0x94dca100
278 , 0xb8725500
279 , 0x94c3b700
280 , 0x7f8b5e00
281 , 0xb8795900
282 , 0x94fb3c00
283 , 0x7fd81a00
284 , 0xc07e5f00
285 , 0xaa19a100
286 , 0xa9d1a400
287 , 0x3a62fe00
288 , 0x7f8d3800
289 , 0x7fd26800
290 , 0xb8637700
291 , 0x803cd200
292 , 0x80564b00
293 , 0x803edb00
294 , 0x94c0f100
295 , 0x7f8b2400
296 , 0xa2c9b800
297 , 0x7f8bb000
298 , 0x19dadb00
299 , 0xb864bb00
300 , 0x94dc6200
301 , 0x7f8a3300
302 , 0xb8749900
303 , 0x94d2d900
304 , 0x7f8d5000
305 , 0xb88cb100
306 , 0x7f8d6400
307 , 0x94d79f00
308 , 0x3a5b0e00
309 , 0xa9eaab00
310 , 0xa9cf2200
311 , 0x3a67ce00
312 , 0x3a49d900
313 , 0x7fdb8e00
314 , 0x7f8ce300
315 , 0x7fd34900
316 , 0x7fd32000
317 , 0x7f8c5900
318 , 0x7f8adb00
319 , 0x7fd32400
320 , 0x7f8ce700
321 , 0x7f8d4e00
322 , 0x7f779400
323 , 0xb87d6f00
324 , 0x94d8a400
325 , 0x7f8eaa00
326 , 0x80609b00
327 , 0x94c33800
328 , 0x7f8c6000
329 , 0xb872ed00
330 , 0x94e42500
331 , 0x7f8d5100
332 , 0xb87c2f00
333 , 0x7f8c3000
334 , 0xb878a200
335 , 0x94d6f400
336 , 0xb87e5000
337 , 0x7fcd2d00
338 , 0xe83b2b00
339 , 0xb87cf600
340 , 0x94eec000
341 , 0x7f8c2700
342 , 0xb86b6100
343 , 0x94e70400
344 , 0x7f8d6f00
345 , 0x7f8d9e00
346 , 0x7f8a8d00
347 , 0x7f8d5600
348 , 0x7fd79200
349 , 0x7fdb4c00
350 , 0x602b7d00
351 , 0xb87a5600
352 , 0xb8759300
353 , 0xb8672a00
354 , 0xb867d500
355 , 0x802b6500
356 , 0x94e1dc00
357 , 0x7f8bd800
358 , 0xb873d400
359 , 0x94d46800
360 , 0x7f8a5300
361 , 0x601cd500
362 , 0x7fd88700
363 , 0xb88d5b00
364 , 0x8030f900
365 , 0x802c5b00
366 , 0x94dbea00
367 , 0x7fd8e700
368 , 0x19836b00
369 , 0x19836b00
370 , 0x19836b00
371 , 0x19836b00
372 , 0x19836b00
373 , 0x19836b00
374 , 0x19836b00
375 , 0x19836b00
376 , 0x19836b00
377 , 0x19836b00
378 , 0x19836b00
379 , 0x19836b00
380 , 0x19836b00
381 , 0x19836b00
382 , 0x19836b00
383 , 0x19836b00
384 , 0x19836b00
385 , 0x19836b00
386 , 0x19836b00
387 , 0x19836b00
388 , 0x19836b00
389 , 0x19836b00
390 , 0x19836b00
391 , 0x19836b00
392 , 0x19836b00
393 , 0x19836b00
394 , 0x19836b00
395 , 0x19836b00
396 , 0x19836b00
397 , 0x19836b00
398 , 0x19836b00
399 , 0x19836b00
400 , 0x19836b00
401 , 0x19836b00
402 , 0x19836b00
403 , 0x19836b00
404 , 0x19836b00
405 , 0x19836b00
406 , 0x19836b00
407 , 0x19836b00
408 , 0x19836b00
409 , 0x19836b00
410 , 0x19836b00
411 , 0x19836b00
412 , 0x19836b00
413 , 0x19836b00
414 , 0x19836b00
415 , 0x19836b00
416 , 0x19836b00
417 , 0x19836b00
418 , 0x19836b00
419 , 0x19836b00
420 , 0x19836b00
421 , 0x19836b00
422 , 0x19836b00
423 , 0x19836b00
424 , 0x19836b00
425 , 0x19836b00
426 , 0x19836b00
427 , 0x19836b00
428 , 0x19836b00
429 , 0x19836b00
430 , 0x19836b00
431 , 0x19836b00
432 , 0x19836b00
433 , 0x19836b00
434 , 0x19836b00
435 , 0x19836b00
436 , 0x19836b00
437 , 0x19836b00
438 , 0x19836b00
439 , 0x19836b00
440 , 0x19836b00
441 , 0x19836b00
442 , 0x19836b00
443 , 0x19836b00
444 , 0x19836b00
445 , 0x19836b00
446 , 0x19836b00
447 , 0x19836b00
448 , 0x19836b00
449 , 0x19836b00
450 , 0x19836b00
451 , 0x19836b00
452 , 0x19836b00
453 , 0x19836b00
454 , 0x19836b00
455 , 0x19836b00
456 , 0x19836b00
457 , 0x19836b00
458 , 0x19836b00
459 , 0x19836b00
460 , 0x19836b00
461 , 0x19836b00
462 , 0x19836b00
463 , 0x19836b00
464 , 0x19836b00
465 , 0x19836b00
466 , 0x19836b00
467 , 0x19836b00
468 , 0x19836b00
469 , 0x19836b00
470 , 0x19836b00
471 , 0x19836b00
472 , 0x19836b00
473 , 0x19836b00
474 , 0x19836b00
475 , 0x19836b00
476 , 0x19836b00
477 , 0x19836b00
478 , 0x19836b00
479 , 0x19836b00
480 , 0x19836b00
481 , 0x19836b00
482 , 0x19836b00
483 , 0x19836b00
484 , 0x19836b00
485 , 0x19836b00
486 , 0x19836b00
487 , 0x19836b00
488 , 0x19836b00
489 , 0x19836b00
490 , 0x19836b00
491 , 0x19836b00
492 , 0x19836b00
493 , 0x19836b00
494 , 0x19836b00
495 , 0x19836b00
496 , 0x19836b00
497 , 0x19836b00
498 , 0x19836b00
499 , 0x19836b00
500 , 0x19836b00
501 , 0x19836b00
502 , 0x19836b00
503 , 0x19836b00
504 , 0x19836b00
505 , 0x19836b00
506 , 0x19836b00
507 , 0x19836b00
508 , 0x19836b00
509 , 0x19836b00
510 , 0x19836b00
